Starting job on node: node16.enst.fr
Job started at: ven. 20 juin 2025 10:26:40 CEST
>>> Entraînement sur : cuda
[1/10000] Loss: 0.6701
→ Metrics @ step 1: PSNR=5.58, SSIM=0.0263, PCC=0.0025, STD=0.11
[2/10000] Loss: 0.5776
[3/10000] Loss: 0.2925
[4/10000] Loss: 0.2983
[5/10000] Loss: 0.5209
[6/10000] Loss: 0.2642
[7/10000] Loss: 0.4010
[8/10000] Loss: 0.6283
[9/10000] Loss: 0.4703
[10/10000] Loss: 0.4681
[11/10000] Loss: 0.4939
[12/10000] Loss: 0.4448
[13/10000] Loss: 0.3712
[14/10000] Loss: 0.4880
[15/10000] Loss: 0.1983
[16/10000] Loss: 0.5078
[17/10000] Loss: 0.2826
[18/10000] Loss: 0.3842
[19/10000] Loss: 0.2179
[20/10000] Loss: 0.3129
[21/10000] Loss: 0.5227
[22/10000] Loss: 0.2891
[23/10000] Loss: 0.4264
[24/10000] Loss: 0.4608
[25/10000] Loss: 0.2961
[26/10000] Loss: 0.4154
[27/10000] Loss: 0.2763
[28/10000] Loss: 0.1955
[29/10000] Loss: 0.4304
[30/10000] Loss: 0.3154
[31/10000] Loss: 0.2977
[32/10000] Loss: 0.2057
[33/10000] Loss: 0.1522
[34/10000] Loss: 0.2157
[35/10000] Loss: 0.2407
[36/10000] Loss: 0.3269
[37/10000] Loss: 0.1057
[38/10000] Loss: 0.2492
[39/10000] Loss: 0.1441
[40/10000] Loss: 0.2116
[41/10000] Loss: 0.1792
[42/10000] Loss: 0.2179
[43/10000] Loss: 0.0552
[44/10000] Loss: 0.0660
[45/10000] Loss: 0.1934
[46/10000] Loss: 0.2487
[47/10000] Loss: 0.0994
[48/10000] Loss: 0.1114
[49/10000] Loss: 0.1253
[50/10000] Loss: 0.1362
[51/10000] Loss: 0.1470
[52/10000] Loss: 0.1441
[53/10000] Loss: 0.1488
[54/10000] Loss: 0.1789
[55/10000] Loss: 0.1050
[56/10000] Loss: 0.0658
[57/10000] Loss: 0.0552
[58/10000] Loss: 0.1022
[59/10000] Loss: 0.0556
[60/10000] Loss: 0.0976
[61/10000] Loss: 0.0485
[62/10000] Loss: 0.0676
[63/10000] Loss: 0.1115
[64/10000] Loss: 0.1059
[65/10000] Loss: 0.0653
[66/10000] Loss: 0.0588
[67/10000] Loss: 0.1228
[68/10000] Loss: 0.1050
[69/10000] Loss: 0.0926
[70/10000] Loss: 0.0470
[71/10000] Loss: 0.0634
[72/10000] Loss: 0.0751
[73/10000] Loss: 0.0707
[74/10000] Loss: 0.0634
[75/10000] Loss: 0.0574
[76/10000] Loss: 0.0744
[77/10000] Loss: 0.0542
[78/10000] Loss: 0.0908
[79/10000] Loss: 0.0571
[80/10000] Loss: 0.0843
[81/10000] Loss: 0.0606
[82/10000] Loss: 0.0603
[83/10000] Loss: 0.0463
[84/10000] Loss: 0.0675
[85/10000] Loss: 0.0503
[86/10000] Loss: 0.0945
[87/10000] Loss: 0.0356
[88/10000] Loss: 0.0579
[89/10000] Loss: 0.0535
[90/10000] Loss: 0.0557
[91/10000] Loss: 0.0759
[92/10000] Loss: 0.0375
[93/10000] Loss: 0.0348
[94/10000] Loss: 0.0461
[95/10000] Loss: 0.0703
[96/10000] Loss: 0.0319
[97/10000] Loss: 0.0349
[98/10000] Loss: 0.0658
[99/10000] Loss: 0.0586
[100/10000] Loss: 0.0590
[101/10000] Loss: 0.0458
[102/10000] Loss: 0.0494
[103/10000] Loss: 0.0283
[104/10000] Loss: 0.0437
[105/10000] Loss: 0.0249
[106/10000] Loss: 0.0334
[107/10000] Loss: 0.0269
[108/10000] Loss: 0.0468
[109/10000] Loss: 0.0650
[110/10000] Loss: 0.0508
[111/10000] Loss: 0.0422
[112/10000] Loss: 0.0286
[113/10000] Loss: 0.0537
[114/10000] Loss: 0.0340
[115/10000] Loss: 0.0477
[116/10000] Loss: 0.0324
[117/10000] Loss: 0.0253
[118/10000] Loss: 0.0428
[119/10000] Loss: 0.0286
[120/10000] Loss: 0.0388
[121/10000] Loss: 0.0534
[122/10000] Loss: 0.0247
[123/10000] Loss: 0.0242
[124/10000] Loss: 0.0359
[125/10000] Loss: 0.0216
[126/10000] Loss: 0.0339
[127/10000] Loss: 0.1140
[128/10000] Loss: 0.0273
[129/10000] Loss: 0.1372
[130/10000] Loss: 0.0555
[131/10000] Loss: 0.0476
[132/10000] Loss: 0.0256
[133/10000] Loss: 0.0349
[134/10000] Loss: 0.0660
[135/10000] Loss: 0.0318
[136/10000] Loss: 0.0278
[137/10000] Loss: 0.0439
[138/10000] Loss: 0.0355
[139/10000] Loss: 0.0377
[140/10000] Loss: 0.0555
[141/10000] Loss: 0.0270
[142/10000] Loss: 0.0167
[143/10000] Loss: 0.0701
[144/10000] Loss: 0.0423
[145/10000] Loss: 0.0382
[146/10000] Loss: 0.0295
[147/10000] Loss: 0.0451
[148/10000] Loss: 0.0300
[149/10000] Loss: 0.0556
[150/10000] Loss: 0.0333
[151/10000] Loss: 0.0345
[152/10000] Loss: 0.0872
[153/10000] Loss: 0.0389
[154/10000] Loss: 0.0410
[155/10000] Loss: 0.0277
[156/10000] Loss: 0.0329
[157/10000] Loss: 0.0191
[158/10000] Loss: 0.0281
[159/10000] Loss: 0.0434
[160/10000] Loss: 0.0513
[161/10000] Loss: 0.0288
[162/10000] Loss: 0.0357
[163/10000] Loss: 0.0437
[164/10000] Loss: 0.0293
[165/10000] Loss: 0.0470
[166/10000] Loss: 0.0296
[167/10000] Loss: 0.0315
[168/10000] Loss: 0.0316
[169/10000] Loss: 0.0240
[170/10000] Loss: 0.0258
[171/10000] Loss: 0.0265
[172/10000] Loss: 0.0210
[173/10000] Loss: 0.0433
[174/10000] Loss: 0.0197
[175/10000] Loss: 0.0445
[176/10000] Loss: 0.0253
[177/10000] Loss: 0.0284
[178/10000] Loss: 0.0228
[179/10000] Loss: 0.0190
[180/10000] Loss: 0.0297
[181/10000] Loss: 0.0218
[182/10000] Loss: 0.0423
[183/10000] Loss: 0.0296
[184/10000] Loss: 0.0299
[185/10000] Loss: 0.0296
[186/10000] Loss: 0.0453
[187/10000] Loss: 0.0493
[188/10000] Loss: 0.0194
[189/10000] Loss: 0.0244
[190/10000] Loss: 0.0281
[191/10000] Loss: 0.0420
[192/10000] Loss: 0.0278
[193/10000] Loss: 0.0264
[194/10000] Loss: 0.0623
[195/10000] Loss: 0.0274
[196/10000] Loss: 0.0259
[197/10000] Loss: 0.0224
[198/10000] Loss: 0.0279
[199/10000] Loss: 0.0162
[200/10000] Loss: 0.0225
[201/10000] Loss: 0.0203
[202/10000] Loss: 0.0479
[203/10000] Loss: 0.0198
[204/10000] Loss: 0.0271
[205/10000] Loss: 0.0246
[206/10000] Loss: 0.0287
[207/10000] Loss: 0.0210
[208/10000] Loss: 0.0305
[209/10000] Loss: 0.0309
[210/10000] Loss: 0.0206
[211/10000] Loss: 0.0157
[212/10000] Loss: 0.0229
[213/10000] Loss: 0.0607
[214/10000] Loss: 0.0245
[215/10000] Loss: 0.0267
[216/10000] Loss: 0.0213
[217/10000] Loss: 0.0189
[218/10000] Loss: 0.0306
[219/10000] Loss: 0.0679
[220/10000] Loss: 0.0261
[221/10000] Loss: 0.0115
[222/10000] Loss: 0.0774
[223/10000] Loss: 0.0177
[224/10000] Loss: 0.0380
[225/10000] Loss: 0.0240
[226/10000] Loss: 0.0314
[227/10000] Loss: 0.0194
[228/10000] Loss: 0.0295
[229/10000] Loss: 0.0303
[230/10000] Loss: 0.0288
[231/10000] Loss: 0.0237
[232/10000] Loss: 0.0239
[233/10000] Loss: 0.0194
[234/10000] Loss: 0.0199
[235/10000] Loss: 0.0204
[236/10000] Loss: 0.0154
[237/10000] Loss: 0.0329
[238/10000] Loss: 0.0202
[239/10000] Loss: 0.0133
[240/10000] Loss: 0.0285
[241/10000] Loss: 0.0150
[242/10000] Loss: 0.0224
[243/10000] Loss: 0.0169
[244/10000] Loss: 0.0264
[245/10000] Loss: 0.0187
[246/10000] Loss: 0.0248
[247/10000] Loss: 0.0255
[248/10000] Loss: 0.0219
[249/10000] Loss: 0.0255
[250/10000] Loss: 0.0372
[251/10000] Loss: 0.0180
[252/10000] Loss: 0.0153
[253/10000] Loss: 0.0352
[254/10000] Loss: 0.0207
[255/10000] Loss: 0.0169
[256/10000] Loss: 0.0205
[257/10000] Loss: 0.0129
[258/10000] Loss: 0.0224
[259/10000] Loss: 0.0200
[260/10000] Loss: 0.0140
[261/10000] Loss: 0.0243
[262/10000] Loss: 0.0266
[263/10000] Loss: 0.0138
[264/10000] Loss: 0.0809
[265/10000] Loss: 0.0177
[266/10000] Loss: 0.0522
[267/10000] Loss: 0.0247
[268/10000] Loss: 0.0314
[269/10000] Loss: 0.0139
[270/10000] Loss: 0.0241
[271/10000] Loss: 0.0322
[272/10000] Loss: 0.0106
[273/10000] Loss: 0.0197
[274/10000] Loss: 0.0278
[275/10000] Loss: 0.0209
[276/10000] Loss: 0.0261
[277/10000] Loss: 0.0178
[278/10000] Loss: 0.0103
[279/10000] Loss: 0.0149
[280/10000] Loss: 0.0197
[281/10000] Loss: 0.0142
[282/10000] Loss: 0.0193
[283/10000] Loss: 0.0226
[284/10000] Loss: 0.0185
[285/10000] Loss: 0.0092
[286/10000] Loss: 0.0155
[287/10000] Loss: 0.0162
[288/10000] Loss: 0.0211
[289/10000] Loss: 0.0159
[290/10000] Loss: 0.0234
[291/10000] Loss: 0.0281
[292/10000] Loss: 0.0164
[293/10000] Loss: 0.0198
[294/10000] Loss: 0.0121
[295/10000] Loss: 0.0264
[296/10000] Loss: 0.0174
[297/10000] Loss: 0.0119
[298/10000] Loss: 0.0188
[299/10000] Loss: 0.0184
[300/10000] Loss: 0.0481
[301/10000] Loss: 0.0059
[302/10000] Loss: 0.0192
[303/10000] Loss: 0.0231
[304/10000] Loss: 0.0156
[305/10000] Loss: 0.0149
[306/10000] Loss: 0.0560
[307/10000] Loss: 0.0282
[308/10000] Loss: 0.0154
[309/10000] Loss: 0.0273
[310/10000] Loss: 0.0192
[311/10000] Loss: 0.0195
[312/10000] Loss: 0.0250
[313/10000] Loss: 0.0228
[314/10000] Loss: 0.0155
[315/10000] Loss: 0.0260
[316/10000] Loss: 0.0261
[317/10000] Loss: 0.0127
[318/10000] Loss: 0.0272
[319/10000] Loss: 0.0171
[320/10000] Loss: 0.0217
[321/10000] Loss: 0.0153
[322/10000] Loss: 0.0122
[323/10000] Loss: 0.0118
[324/10000] Loss: 0.0219
[325/10000] Loss: 0.0171
[326/10000] Loss: 0.0226
[327/10000] Loss: 0.0239
[328/10000] Loss: 0.0169
[329/10000] Loss: 0.0226
[330/10000] Loss: 0.0228
[331/10000] Loss: 0.0198
[332/10000] Loss: 0.0217
[333/10000] Loss: 0.0218
[334/10000] Loss: 0.0147
[335/10000] Loss: 0.0334
[336/10000] Loss: 0.0254
[337/10000] Loss: 0.0108
[338/10000] Loss: 0.0115
[339/10000] Loss: 0.0190
[340/10000] Loss: 0.0212
[341/10000] Loss: 0.0091
[342/10000] Loss: 0.0249
[343/10000] Loss: 0.0122
[344/10000] Loss: 0.0197
[345/10000] Loss: 0.0138
[346/10000] Loss: 0.0186
[347/10000] Loss: 0.0132
[348/10000] Loss: 0.0114
[349/10000] Loss: 0.0251
[350/10000] Loss: 0.0592
[351/10000] Loss: 0.0112
[352/10000] Loss: 0.0201
[353/10000] Loss: 0.0143
[354/10000] Loss: 0.0126
[355/10000] Loss: 0.0220
[356/10000] Loss: 0.0147
[357/10000] Loss: 0.0418
[358/10000] Loss: 0.0229
[359/10000] Loss: 0.0306
[360/10000] Loss: 0.0175
[361/10000] Loss: 0.0202
[362/10000] Loss: 0.0253
[363/10000] Loss: 0.0342
[364/10000] Loss: 0.0097
[365/10000] Loss: 0.0101
[366/10000] Loss: 0.0222
[367/10000] Loss: 0.0200
[368/10000] Loss: 0.0150
[369/10000] Loss: 0.0116
[370/10000] Loss: 0.0293
[371/10000] Loss: 0.0173
[372/10000] Loss: 0.0332
[373/10000] Loss: 0.0132
[374/10000] Loss: 0.0325
[375/10000] Loss: 0.0144
[376/10000] Loss: 0.0150
[377/10000] Loss: 0.0185
[378/10000] Loss: 0.0161
[379/10000] Loss: 0.0177
[380/10000] Loss: 0.0147
[381/10000] Loss: 0.0139
[382/10000] Loss: 0.0195
[383/10000] Loss: 0.0165
[384/10000] Loss: 0.0112
[385/10000] Loss: 0.0366
[386/10000] Loss: 0.0110
[387/10000] Loss: 0.0044
[388/10000] Loss: 0.0193
[389/10000] Loss: 0.0181
[390/10000] Loss: 0.0088
[391/10000] Loss: 0.0118
[392/10000] Loss: 0.0321
[393/10000] Loss: 0.0198
[394/10000] Loss: 0.0219
[395/10000] Loss: 0.0219
[396/10000] Loss: 0.0196
[397/10000] Loss: 0.0262
[398/10000] Loss: 0.0153
[399/10000] Loss: 0.0152
[400/10000] Loss: 0.0163
[401/10000] Loss: 0.0140
[402/10000] Loss: 0.0169
[403/10000] Loss: 0.0175
[404/10000] Loss: 0.0128
[405/10000] Loss: 0.0207
[406/10000] Loss: 0.0094
[407/10000] Loss: 0.0231
[408/10000] Loss: 0.0189
[409/10000] Loss: 0.0198
[410/10000] Loss: 0.0086
[411/10000] Loss: 0.0184
[412/10000] Loss: 0.0167
[413/10000] Loss: 0.0157
[414/10000] Loss: 0.0145
[415/10000] Loss: 0.0263
[416/10000] Loss: 0.0061
[417/10000] Loss: 0.0241
[418/10000] Loss: 0.0099
[419/10000] Loss: 0.0124
[420/10000] Loss: 0.0189
[421/10000] Loss: 0.0258
[422/10000] Loss: 0.0167
[423/10000] Loss: 0.0301
[424/10000] Loss: 0.0160
[425/10000] Loss: 0.0323
[426/10000] Loss: 0.0249
[427/10000] Loss: 0.0151
[428/10000] Loss: 0.0233
[429/10000] Loss: 0.0199
[430/10000] Loss: 0.0190
[431/10000] Loss: 0.0146
[432/10000] Loss: 0.0251
[433/10000] Loss: 0.0135
[434/10000] Loss: 0.0105
[435/10000] Loss: 0.0078
[436/10000] Loss: 0.0125
[437/10000] Loss: 0.0114
[438/10000] Loss: 0.0167
[439/10000] Loss: 0.0166
[440/10000] Loss: 0.0149
[441/10000] Loss: 0.0213
[442/10000] Loss: 0.0235
[443/10000] Loss: 0.0092
[444/10000] Loss: 0.0193
[445/10000] Loss: 0.0329
[446/10000] Loss: 0.0126
[447/10000] Loss: 0.0123
[448/10000] Loss: 0.0247
[449/10000] Loss: 0.0156
[450/10000] Loss: 0.0234
[451/10000] Loss: 0.0114
[452/10000] Loss: 0.0183
[453/10000] Loss: 0.0109
[454/10000] Loss: 0.0145
[455/10000] Loss: 0.0147
[456/10000] Loss: 0.0300
[457/10000] Loss: 0.0105
[458/10000] Loss: 0.0371
[459/10000] Loss: 0.0176
[460/10000] Loss: 0.0140
[461/10000] Loss: 0.0109
[462/10000] Loss: 0.0151
[463/10000] Loss: 0.0129
[464/10000] Loss: 0.0138
[465/10000] Loss: 0.0133
[466/10000] Loss: 0.0198
[467/10000] Loss: 0.0194
[468/10000] Loss: 0.0209
[469/10000] Loss: 0.0161
[470/10000] Loss: 0.0163
[471/10000] Loss: 0.0417
[472/10000] Loss: 0.0135
[473/10000] Loss: 0.0321
[474/10000] Loss: 0.0328
[475/10000] Loss: 0.0134
[476/10000] Loss: 0.0431
[477/10000] Loss: 0.0464
[478/10000] Loss: 0.0141
[479/10000] Loss: 0.0341
[480/10000] Loss: 0.0199
[481/10000] Loss: 0.0191
[482/10000] Loss: 0.0257
[483/10000] Loss: 0.0300
[484/10000] Loss: 0.0243
[485/10000] Loss: 0.0190
[486/10000] Loss: 0.0462
[487/10000] Loss: 0.0230
[488/10000] Loss: 0.0137
[489/10000] Loss: 0.0126
[490/10000] Loss: 0.0155
[491/10000] Loss: 0.0176
[492/10000] Loss: 0.0174
[493/10000] Loss: 0.0137
[494/10000] Loss: 0.0192
[495/10000] Loss: 0.0082
[496/10000] Loss: 0.0327
[497/10000] Loss: 0.0147
[498/10000] Loss: 0.0128
[499/10000] Loss: 0.0110
[500/10000] Loss: 0.0179
